<?xml version="1.0" encoding="UTF-8"?>
<!-- Generated by org.testng.reporters.JUnitReportReporter -->
<testsuite hostname="DESKTOP-2MIF4AC" failures="0" tests="3" name="com.homework.automation.Testng" time="74.461" errors="0" timestamp="2022-10-01T17:36:08 EDT" skipped="0">
  <testcase classname="com.homework.automation.Testng" name="test1" time="10.109"/>
  <system-out/>
  <testcase classname="com.homework.automation.Testng" name="test2" time="28.821"/>
  <system-out/>
  <testcase classname="com.homework.automation.Testng" name="test3" time="35.531"/>
  <system-out/>
</testsuite> <!-- com.homework.automation.Testng -->
